0 info it worked if it ends with ok
1 verbose cli [ '/Users/xugenshi/.nvm/versions/node/v6.2.0/bin/node',
1 verbose cli   '/Users/xugenshi/.nvm/versions/node/v6.2.0/bin/npm',
1 verbose cli   'run',
1 verbose cli   'dev' ]
2 info using npm@3.10.2
3 info using node@v6.2.0
4 verbose run-script [ 'predev', 'dev', 'postdev' ]
5 info lifecycle weex-explorer@0.1.0~predev: weex-explorer@0.1.0
6 silly lifecycle weex-explorer@0.1.0~predev: no script for predev, continuing
7 info lifecycle weex-explorer@0.1.0~dev: weex-explorer@0.1.0
8 verbose lifecycle weex-explorer@0.1.0~dev: unsafe-perm in lifecycle true
9 verbose lifecycle weex-explorer@0.1.0~dev: PATH: /Users/xugenshi/.nvm/versions/node/v6.2.0/lib/node_modules/npm/bin/node-gyp-bin:/Users/xugenshi/Documents/workspace/open-source/weex-explorer/templates/special/node_modules/.bin:/Users/xugenshi/.nvm/versions/node/v6.2.0/bin:/Users/xugenshi/.nvm/versions/node/v6.2.0/bin:/usr/local/bin:/usr/bin:/bin:/usr/sbin:/sbin:/usr/local/mysql/bin
10 verbose lifecycle weex-explorer@0.1.0~dev: CWD: /Users/xugenshi/Documents/workspace/open-source/weex-explorer/templates/special
11 silly lifecycle weex-explorer@0.1.0~dev: Args: [ '-c', 'webpack --watch' ]
12 info lifecycle weex-explorer@0.1.0~dev: Failed to exec dev script
13 verbose stack Error: weex-explorer@0.1.0 dev: `webpack --watch`
13 verbose stack spawn ENOENT
13 verbose stack     at ChildProcess.<anonymous> (/Users/xugenshi/.nvm/versions/node/v6.2.0/lib/node_modules/npm/lib/utils/spawn.js:33:16)
13 verbose stack     at emitTwo (events.js:106:13)
13 verbose stack     at ChildProcess.emit (events.js:191:7)
13 verbose stack     at maybeClose (internal/child_process.js:850:16)
13 verbose stack     at Process.ChildProcess._handle.onexit (internal/child_process.js:215:5)
14 verbose pkgid weex-explorer@0.1.0
15 verbose cwd /Users/xugenshi/Documents/workspace/open-source/weex-explorer/templates/special
16 error Darwin 15.6.0
17 error argv "/Users/xugenshi/.nvm/versions/node/v6.2.0/bin/node" "/Users/xugenshi/.nvm/versions/node/v6.2.0/bin/npm" "run" "dev"
18 error node v6.2.0
19 error npm  v3.10.2
20 error file sh
21 error code ELIFECYCLE
22 error errno ENOENT
23 error syscall spawn
24 error weex-explorer@0.1.0 dev: `webpack --watch`
24 error spawn ENOENT
25 error Failed at the weex-explorer@0.1.0 dev script 'webpack --watch'.
25 error Make sure you have the latest version of node.js and npm installed.
25 error If you do, this is most likely a problem with the weex-explorer package,
25 error not with npm itself.
25 error Tell the author that this fails on your system:
25 error     webpack --watch
25 error You can get information on how to open an issue for this project with:
25 error     npm bugs weex-explorer
25 error Or if that isn't available, you can get their info via:
25 error     npm owner ls weex-explorer
25 error There is likely additional logging output above.
26 verbose exit [ 1, true ]
